  Armor_H.cpp
  Armor_L.cpp
  BmpMgr.cpp
  Boom.cpp
  Boris.cpp
  BossField.cpp
  Client.cpp
  CollisionMgr.cpp
  ComboAttack.cpp
  ComboCnt.cpp
  Cow.cpp
  DmgBox.cpp
  Dungeon.cpp
  ElectricBolt.cpp
  EquipButton.cpp
  Equipment.cpp
  Field.cpp
  Helmet_H.cpp
  Helmet_L.cpp
  HpPotionEffect.cpp
  컴파일하고 있습니다...
  InvenButton.cpp
  Inventory.cpp
  Item.cpp
  Jelly.cpp
  KeyMgr.cpp
  LevelUp.cpp
  LevelUpEffect.cpp
  Logo.cpp
  MainGame.cpp
  MathMgr.cpp
  MonCrash.cpp
  MonSkillColBox.cpp
  MouseMgr.cpp
D:\02. KoreaPolytechnicUniversity\02.Project\2020_3-1\2020_3-1_윈도우프로그래밍\수목_윈도우프로그래밍_최종프로젝트_허신영_박용환\Client\MouseMgr.cpp(76,45): warning C4244: '인수': 'float'에서 'int'(으)로 변환하면서 데이터가 손실될 수 있습니다.
D:\02. KoreaPolytechnicUniversity\02.Project\2020_3-1\2020_3-1_윈도우프로그래밍\수목_윈도우프로그래밍_최종프로젝트_허신영_박용환\Client\MouseMgr.cpp(76,29): warning C4244: '인수': 'float'에서 'int'(으)로 변환하면서 데이터가 손실될 수 있습니다.
  MpPotionEffect.cpp
  MultiAttack.cpp
  MyBmp.cpp
  MyButton.cpp
  MyEdit.cpp
  MyMenu.cpp
  Ninja.cpp
  컴파일하고 있습니다...
  Obj.cpp
  ObjMgr.cpp
  Player.cpp
  PlayerCrash.cpp
  PlayerInfo.cpp
  PotalDungeon.cpp
  PotalTown.cpp
  Quake.cpp
  Scene.cpp
  SceneMgr.cpp
  ScrollMgr.cpp
  SellLst.cpp
  Seller.cpp
  Shoes_H.cpp
  Shoes_L.cpp
  Skill.cpp
  SkillColBox.cpp
  SkillIcon.cpp
  SkillMoon.cpp
  SkillSoul.cpp
  컴파일하고 있습니다...
  SoundMgr.cpp
  StateButton.cpp
  Store.cpp
  Tile.cpp
  TileMgr.cpp
  Town.cpp
  Weapon_H.cpp
  Weapon_L.cpp
  WizardBall.cpp
  코드를 생성하고 있습니다.
  0 of 1256 functions ( 0.0%) were compiled, the rest were copied from previous compilation.
    0 functions were new in current compilation
    0 functions had inline decision re-evaluated but remain unchanged
  코드를 생성했습니다.
  Client.vcxproj -> D:\02. KoreaPolytechnicUniversity\02.Project\2020_3-1\2020_3-1_윈도우프로그래밍\수목_윈도우프로그래밍_최종프로젝트_허신영_박용환\Release\Client.exe
